0 verbose cli /usr/local/bin/node /usr/local/bin/npm
1 info using npm@10.9.2
2 info using node@v22.15.1
3 silly config load:file:/usr/local/lib/node_modules/npm/npmrc
4 silly config load:file:/Users/shinolingovender/Shico Group Website Master/Shico gpt website/.npmrc
5 silly config load:file:/Users/shinolingovender/.npmrc
6 silly config load:file:/usr/local/etc/npmrc
7 verbose title npm install
8 verbose argv "install"
9 verbose logfile logs-max:10 dir:/Users/shinolingovender/Shico Group Website Master/Shico gpt website/.npm-cache/_logs/2026-02-05T13_13_44_439Z-
10 verbose logfile /Users/shinolingovender/Shico Group Website Master/Shico gpt website/.npm-cache/_logs/2026-02-05T13_13_44_439Z-debug-0.log
11 silly logfile done cleaning log files
12 silly packumentCache heap:2197815296 maxSize:549453824 maxEntrySize:274726912
13 silly idealTree buildDeps
14 silly reify moves {}
15 silly audit bulk request {
15 silly audit   '@alloc/quick-lru': [ '5.2.0' ],
15 silly audit   '@emnapi/core': [ '1.8.1' ],
15 silly audit   '@emnapi/runtime': [ '1.8.1' ],
15 silly audit   '@emnapi/wasi-threads': [ '1.1.0' ],
15 silly audit   '@eslint-community/eslint-utils': [ '4.9.1' ],
15 silly audit   '@eslint-community/regexpp': [ '4.12.2' ],
15 silly audit   '@eslint/eslintrc': [ '2.1.4' ],
15 silly audit   '@eslint/js': [ '8.57.1' ],
15 silly audit   '@humanwhocodes/config-array': [ '0.13.0' ],
15 silly audit   '@humanwhocodes/module-importer': [ '1.0.1' ],
15 silly audit   '@humanwhocodes/object-schema': [ '2.0.3' ],
15 silly audit   '@isaacs/cliui': [ '8.0.2' ],
15 silly audit   'ansi-regex': [ '6.2.2', '5.0.1' ],
15 silly audit   'strip-ansi': [ '7.1.2', '6.0.1' ],
15 silly audit   '@jridgewell/gen-mapping': [ '0.3.13' ],
15 silly audit   '@jridgewell/resolve-uri': [ '3.1.2' ],
15 silly audit   '@jridgewell/sourcemap-codec': [ '1.5.5' ],
15 silly audit   '@jridgewell/trace-mapping': [ '0.3.31' ],
15 silly audit   '@napi-rs/wasm-runtime': [ '0.2.12' ],
15 silly audit   '@next/env': [ '14.2.5' ],
15 silly audit   '@next/eslint-plugin-next': [ '14.2.5' ],
15 silly audit   '@next/swc-darwin-arm64': [ '14.2.5' ],
15 silly audit   '@next/swc-darwin-x64': [ '14.2.5' ],
15 silly audit   '@next/swc-linux-arm64-gnu': [ '14.2.5' ],
15 silly audit   '@next/swc-linux-arm64-musl': [ '14.2.5' ],
15 silly audit   '@next/swc-linux-x64-gnu': [ '14.2.5' ],
15 silly audit   '@next/swc-linux-x64-musl': [ '14.2.5' ],
15 silly audit   '@next/swc-win32-arm64-msvc': [ '14.2.5' ],
15 silly audit   '@next/swc-win32-ia32-msvc': [ '14.2.5' ],
15 silly audit   '@next/swc-win32-x64-msvc': [ '14.2.5' ],
15 silly audit   '@nodelib/fs.scandir': [ '2.1.5' ],
15 silly audit   '@nodelib/fs.stat': [ '2.0.5' ],
15 silly audit   '@nodelib/fs.walk': [ '1.2.8' ],
15 silly audit   '@nolyfill/is-core-module': [ '1.0.39' ],
15 silly audit   '@pkgjs/parseargs': [ '0.11.0' ],
15 silly audit   '@rtsao/scc': [ '1.1.0' ],
15 silly audit   '@rushstack/eslint-patch': [ '1.15.0' ],
15 silly audit   '@swc/counter': [ '0.1.3' ],
15 silly audit   '@swc/helpers': [ '0.5.5' ],
15 silly audit   '@tybys/wasm-util': [ '0.10.1' ],
15 silly audit   '@types/json5': [ '0.0.29' ],
15 silly audit   '@types/node': [ '20.19.31' ],
15 silly audit   '@types/prop-types': [ '15.7.15' ],
15 silly audit   '@types/react': [ '18.3.27' ],
15 silly audit   '@types/react-dom': [ '18.3.7' ],
15 silly audit   '@typescript-eslint/parser': [ '7.2.0' ],
15 silly audit   '@typescript-eslint/scope-manager': [ '7.2.0' ],
15 silly audit   '@typescript-eslint/types': [ '7.2.0' ],
15 silly audit   '@typescript-eslint/typescript-estree': [ '7.2.0' ],
15 silly audit   'brace-expansion': [ '2.0.2', '1.1.12' ],
15 silly audit   minimatch: [ '9.0.3', '9.0.5', '3.1.2' ],
15 silly audit   '@typescript-eslint/visitor-keys': [ '7.2.0' ],
15 silly audit   '@ungap/structured-clone': [ '1.3.0' ],
15 silly audit   '@unrs/resolver-binding-android-arm-eabi': [ '1.11.1' ],
15 silly audit   '@unrs/resolver-binding-android-arm64': [ '1.11.1' ],
15 silly audit   '@unrs/resolver-binding-darwin-arm64': [ '1.11.1' ],
15 silly audit   '@unrs/resolver-binding-darwin-x64': [ '1.11.1' ],
15 silly audit   '@unrs/resolver-binding-freebsd-x64': [ '1.11.1' ],
15 silly audit   '@unrs/resolver-binding-linux-arm-gnueabihf': [ '1.11.1' ],
15 silly audit   '@unrs/resolver-binding-linux-arm-musleabihf': [ '1.11.1' ],
15 silly audit   '@unrs/resolver-binding-linux-arm64-gnu': [ '1.11.1' ],
15 silly audit   '@unrs/resolver-binding-linux-arm64-musl': [ '1.11.1' ],
15 silly audit   '@unrs/resolver-binding-linux-ppc64-gnu': [ '1.11.1' ],
15 silly audit   '@unrs/resolver-binding-linux-riscv64-gnu': [ '1.11.1' ],
15 silly audit   '@unrs/resolver-binding-linux-riscv64-musl': [ '1.11.1' ],
15 silly audit   '@unrs/resolver-binding-linux-s390x-gnu': [ '1.11.1' ],
15 silly audit   '@unrs/resolver-binding-linux-x64-gnu': [ '1.11.1' ],
15 silly audit   '@unrs/resolver-binding-linux-x64-musl': [ '1.11.1' ],
15 silly audit   '@unrs/resolver-binding-wasm32-wasi': [ '1.11.1' ],
15 silly audit   '@unrs/resolver-binding-win32-arm64-msvc': [ '1.11.1' ],
15 silly audit   '@unrs/resolver-binding-win32-ia32-msvc': [ '1.11.1' ],
15 silly audit   '@unrs/resolver-binding-win32-x64-msvc': [ '1.11.1' ],
15 silly audit   acorn: [ '8.15.0' ],
15 silly audit   'acorn-jsx': [ '5.3.2' ],
15 silly audit   ajv: [ '6.12.6' ],
15 silly audit   'ansi-styles': [ '4.3.0', '6.2.3' ],
15 silly audit   'any-promise': [ '1.3.0' ],
15 silly audit   anymatch: [ '3.1.3' ],
15 silly audit   arg: [ '5.0.2' ],
15 silly audit   argparse: [ '2.0.1' ],
15 silly audit   'aria-query': [ '5.3.2' ],
15 silly audit   'array-buffer-byte-length': [ '1.0.2' ],
15 silly audit   'array-includes': [ '3.1.9' ],
15 silly audit   'array-union': [ '2.1.0' ],
15 silly audit   'array.prototype.findlast': [ '1.2.5' ],
15 silly audit   'array.prototype.findlastindex': [ '1.2.6' ],
15 silly audit   'array.prototype.flat': [ '1.3.3' ],
15 silly audit   'array.prototype.flatmap': [ '1.3.3' ],
15 silly audit   'array.prototype.tosorted': [ '1.1.4' ],
15 silly audit   'arraybuffer.prototype.slice': [ '1.0.4' ],
15 silly audit   'ast-types-flow': [ '0.0.8' ],
15 silly audit   'async-function': [ '1.0.0' ],
15 silly audit   autoprefixer: [ '10.4.24' ],
15 silly audit   'available-typed-arrays': [ '1.0.7' ],
15 silly audit   'axe-core': [ '4.11.1' ],
15 silly audit   'axobject-query': [ '4.1.0' ],
15 silly audit   'balanced-match': [ '1.0.2' ],
15 silly audit   'baseline-browser-mapping': [ '2.9.19' ],
15 silly audit   'binary-extensions': [ '2.3.0' ],
15 silly audit   braces: [ '3.0.3' ],
15 silly audit   browserslist: [ '4.28.1' ],
15 silly audit   busboy: [ '1.6.0' ],
15 silly audit   'call-bind': [ '1.0.8' ],
15 silly audit   'call-bind-apply-helpers': [ '1.0.2' ],
15 silly audit   'call-bound': [ '1.0.4' ],
15 silly audit   callsites: [ '3.1.0' ],
15 silly audit   'camelcase-css': [ '2.0.1' ],
15 silly audit   'caniuse-lite': [ '1.0.30001767' ],
15 silly audit   chalk: [ '4.1.2' ],
15 silly audit   chokidar: [ '3.6.0' ],
15 silly audit   'glob-parent': [ '5.1.2', '6.0.2' ],
15 silly audit   'client-only': [ '0.0.1' ],
15 silly audit   'color-convert': [ '2.0.1' ],
15 silly audit   'color-name': [ '1.1.4' ],
15 silly audit   commander: [ '4.1.1' ],
15 silly audit   'concat-map': [ '0.0.1' ],
15 silly audit   'cross-spawn': [ '7.0.6' ],
15 silly audit   cssesc: [ '3.0.0' ],
15 silly audit   csstype: [ '3.2.3' ],
15 silly audit   'damerau-levenshtein': [ '1.0.8' ],
15 silly audit   'data-view-buffer': [ '1.0.2' ],
15 silly audit   'data-view-byte-length': [ '1.0.2' ],
15 silly audit   'data-view-byte-offset': [ '1.0.1' ],
15 silly audit   debug: [ '4.4.3', '3.2.7' ],
15 silly audit   'deep-is': [ '0.1.4' ],
15 silly audit   'define-data-property': [ '1.1.4' ],
15 silly audit   'define-properties': [ '1.2.1' ],
15 silly audit   didyoumean: [ '1.2.2' ],
15 silly audit   'dir-glob': [ '3.0.1' ],
15 silly audit   dlv: [ '1.1.3' ],
15 silly audit   doctrine: [ '3.0.0', '2.1.0' ],
15 silly audit   'dunder-proto': [ '1.0.1' ],
15 silly audit   eastasianwidth: [ '0.2.0' ],
15 silly audit   'electron-to-chromium': [ '1.5.286' ],
15 silly audit   'emoji-regex': [ '9.2.2', '8.0.0' ],
15 silly audit   'es-abstract': [ '1.24.1' ],
15 silly audit   'es-define-property': [ '1.0.1' ],
15 silly audit   'es-errors': [ '1.3.0' ],
15 silly audit   'es-iterator-helpers': [ '1.2.2' ],
15 silly audit   'es-object-atoms': [ '1.1.1' ],
15 silly audit   'es-set-tostringtag': [ '2.1.0' ],
15 silly audit   'es-shim-unscopables': [ '1.1.0' ],
15 silly audit   'es-to-primitive': [ '1.3.0' ],
15 silly audit   escalade: [ '3.2.0' ],
15 silly audit   'escape-string-regexp': [ '4.0.0' ],
15 silly audit   eslint: [ '8.57.1' ],
15 silly audit   'eslint-config-next': [ '14.2.5' ],
15 silly audit   'eslint-import-resolver-node': [ '0.3.9' ],
15 silly audit   'eslint-import-resolver-typescript': [ '3.10.1' ],
15 silly audit   'eslint-module-utils': [ '2.12.1' ],
15 silly audit   'eslint-plugin-import': [ '2.32.0' ],
15 silly audit   semver: [ '6.3.1', '7.7.3' ],
15 silly audit   'eslint-plugin-jsx-a11y': [ '6.10.2' ],
15 silly audit   'eslint-plugin-react': [ '7.37.5' ],
15 silly audit   'eslint-plugin-react-hooks': [ '5.0.0-canary-7118f5dd7-20230705' ],
15 silly audit   resolve: [ '2.0.0-next.5', '1.22.11' ],
15 silly audit   'eslint-scope': [ '7.2.2' ],
15 silly audit   'eslint-visitor-keys': [ '3.4.3' ],
15 silly audit   espree: [ '9.6.1' ],
15 silly audit   esquery: [ '1.7.0' ],
15 silly audit   esrecurse: [ '4.3.0' ],
15 silly audit   estraverse: [ '5.3.0' ],
15 silly audit   esutils: [ '2.0.3' ],
15 silly audit   'fast-deep-equal': [ '3.1.3' ],
15 silly audit   'fast-glob': [ '3.3.3' ],
15 silly audit   'fast-json-stable-stringify': [ '2.1.0' ],
15 silly audit   'fast-levenshtein': [ '2.0.6' ],
15 silly audit   fastq: [ '1.20.1' ],
15 silly audit   'file-entry-cache': [ '6.0.1' ],
15 silly audit   'fill-range': [ '7.1.1' ],
15 silly audit   'find-up': [ '5.0.0' ],
15 silly audit   'flat-cache': [ '3.2.0' ],
15 silly audit   flatted: [ '3.3.3' ],
15 silly audit   'for-each': [ '0.3.5' ],
15 silly audit   'foreground-child': [ '3.3.1' ],
15 silly audit   'fraction.js': [ '5.3.4' ],
15 silly audit   'fs.realpath': [ '1.0.0' ],
15 silly audit   fsevents: [ '2.3.3' ],
15 silly audit   'function-bind': [ '1.1.2' ],
15 silly audit   'function.prototype.name': [ '1.1.8' ],
15 silly audit   'functions-have-names': [ '1.2.3' ],
15 silly audit   'generator-function': [ '2.0.1' ],
15 silly audit   'get-intrinsic': [ '1.3.0' ],
15 silly audit   'get-proto': [ '1.0.1' ],
15 silly audit   'get-symbol-description': [ '1.1.0' ],
15 silly audit   'get-tsconfig': [ '4.13.1' ],
15 silly audit   glob: [ '10.3.10', '7.2.3' ],
15 silly audit   globals: [ '13.24.0' ],
15 silly audit   globalthis: [ '1.0.4' ],
15 silly audit   globby: [ '11.1.0' ],
15 silly audit   gopd: [ '1.2.0' ],
15 silly audit   'graceful-fs': [ '4.2.11' ],
15 silly audit   graphemer: [ '1.4.0' ],
15 silly audit   'has-bigints': [ '1.1.0' ],
15 silly audit   'has-flag': [ '4.0.0' ],
15 silly audit   'has-property-descriptors': [ '1.0.2' ],
15 silly audit   'has-proto': [ '1.2.0' ],
15 silly audit   'has-symbols': [ '1.1.0' ],
15 silly audit   'has-tostringtag': [ '1.0.2' ],
15 silly audit   hasown: [ '2.0.2' ],
15 silly audit   ignore: [ '5.3.2' ],
15 silly audit   'import-fresh': [ '3.3.1' ],
15 silly audit   imurmurhash: [ '0.1.4' ],
15 silly audit   inflight: [ '1.0.6' ],
15 silly audit   inherits: [ '2.0.4' ],
15 silly audit   'internal-slot': [ '1.1.0' ],
15 silly audit   'is-array-buffer': [ '3.0.5' ],
15 silly audit   'is-async-function': [ '2.1.1' ],
15 silly audit   'is-bigint': [ '1.1.0' ],
15 silly audit   'is-binary-path': [ '2.1.0' ],
15 silly audit   'is-boolean-object': [ '1.2.2' ],
15 silly audit   'is-bun-module': [ '2.0.0' ],
15 silly audit   'is-callable': [ '1.2.7' ],
15 silly audit   'is-core-module': [ '2.16.1' ],
15 silly audit   'is-data-view': [ '1.0.2' ],
15 silly audit   'is-date-object': [ '1.1.0' ],
15 silly audit   'is-extglob': [ '2.1.1' ],
15 silly audit   'is-finalizationregistry': [ '1.1.1' ],
15 silly audit   'is-fullwidth-code-point': [ '3.0.0' ],
15 silly audit   'is-generator-function': [ '1.1.2' ],
15 silly audit   'is-glob': [ '4.0.3' ],
15 silly audit   'is-map': [ '2.0.3' ],
15 silly audit   'is-negative-zero': [ '2.0.3' ],
15 silly audit   'is-number': [ '7.0.0' ],
15 silly audit   'is-number-object': [ '1.1.1' ],
15 silly audit   'is-path-inside': [ '3.0.3' ],
15 silly audit   'is-regex': [ '1.2.1' ],
15 silly audit   'is-set': [ '2.0.3' ],
15 silly audit   'is-shared-array-buffer': [ '1.0.4' ],
15 silly audit   'is-string': [ '1.1.1' ],
15 silly audit   'is-symbol': [ '1.1.1' ],
15 silly audit   'is-typed-array': [ '1.1.15' ],
15 silly audit   'is-weakmap': [ '2.0.2' ],
15 silly audit   'is-weakref': [ '1.1.1' ],
15 silly audit   'is-weakset': [ '2.0.4' ],
15 silly audit   isarray: [ '2.0.5' ],
15 silly audit   isexe: [ '2.0.0' ],
15 silly audit   'iterator.prototype': [ '1.1.5' ],
15 silly audit   jackspeak: [ '2.3.6' ],
15 silly audit   jiti: [ '1.21.7' ],
15 silly audit   'js-tokens': [ '4.0.0' ],
15 silly audit   'js-yaml': [ '4.1.1' ],
15 silly audit   'json-buffer': [ '3.0.1' ],
15 silly audit   'json-schema-traverse': [ '0.4.1' ],
15 silly audit   'json-stable-stringify-without-jsonify': [ '1.0.1' ],
15 silly audit   json5: [ '1.0.2' ],
15 silly audit   'jsx-ast-utils': [ '3.3.5' ],
15 silly audit   keyv: [ '4.5.4' ],
15 silly audit   'language-subtag-registry': [ '0.3.23' ],
15 silly audit   'language-tags': [ '1.0.9' ],
15 silly audit   levn: [ '0.4.1' ],
15 silly audit   lilconfig: [ '3.1.3' ],
15 silly audit   'lines-and-columns': [ '1.2.4' ],
15 silly audit   'locate-path': [ '6.0.0' ],
15 silly audit   'lodash.merge': [ '4.6.2' ],
15 silly audit   'loose-envify': [ '1.4.0' ],
15 silly audit   'lru-cache': [ '10.4.3' ],
15 silly audit   'math-intrinsics': [ '1.1.0' ],
15 silly audit   merge2: [ '1.4.1' ],
15 silly audit   micromatch: [ '4.0.8' ],
15 silly audit   minimist: [ '1.2.8' ],
15 silly audit   minipass: [ '7.1.2' ],
15 silly audit   ms: [ '2.1.3' ],
15 silly audit   mz: [ '2.7.0' ],
15 silly audit   nanoid: [ '3.3.11' ],
15 silly audit   'napi-postinstall': [ '0.3.4' ],
15 silly audit   'natural-compare': [ '1.4.0' ],
15 silly audit   next: [ '14.2.5' ],
15 silly audit   postcss: [ '8.4.31', '8.5.6' ],
15 silly audit   'node-releases': [ '2.0.27' ],
15 silly audit   'normalize-path': [ '3.0.0' ],
15 silly audit   'object-assign': [ '4.1.1' ],
15 silly audit   'object-hash': [ '3.0.0' ],
15 silly audit   'object-inspect': [ '1.13.4' ],
15 silly audit   'object-keys': [ '1.1.1' ],
15 silly audit   'object.assign': [ '4.1.7' ],
15 silly audit   'object.entries': [ '1.1.9' ],
15 silly audit   'object.fromentries': [ '2.0.8' ],
15 silly audit   'object.groupby': [ '1.0.3' ],
15 silly audit   'object.values': [ '1.2.1' ],
15 silly audit   once: [ '1.4.0' ],
15 silly audit   optionator: [ '0.9.4' ],
15 silly audit   'own-keys': [ '1.0.1' ],
15 silly audit   'p-limit': [ '3.1.0' ],
15 silly audit   'p-locate': [ '5.0.0' ],
15 silly audit   'parent-module': [ '1.0.1' ],
15 silly audit   'path-exists': [ '4.0.0' ],
15 silly audit   'path-is-absolute': [ '1.0.1' ],
15 silly audit   'path-key': [ '3.1.1' ],
15 silly audit   'path-parse': [ '1.0.7' ],
15 silly audit   'path-scurry': [ '1.11.1' ],
15 silly audit   'path-type': [ '4.0.0' ],
15 silly audit   picocolors: [ '1.1.1' ],
15 silly audit   picomatch: [ '2.3.1', '4.0.3' ],
15 silly audit   pify: [ '2.3.0' ],
15 silly audit   pirates: [ '4.0.7' ],
15 silly audit   'possible-typed-array-names': [ '1.1.0' ],
15 silly audit   'postcss-import': [ '15.1.0' ],
15 silly audit   'postcss-js': [ '4.1.0' ],
15 silly audit   'postcss-load-config': [ '6.0.1' ],
15 silly audit   'postcss-nested': [ '6.2.0' ],
15 silly audit   'postcss-selector-parser': [ '6.1.2' ],
15 silly audit   'postcss-value-parser': [ '4.2.0' ],
15 silly audit   'prelude-ls': [ '1.2.1' ],
15 silly audit   'prop-types': [ '15.8.1' ],
15 silly audit   punycode: [ '2.3.1' ],
15 silly audit   'queue-microtask': [ '1.2.3' ],
15 silly audit   react: [ '18.3.1' ],
15 silly audit   'react-dom': [ '18.3.1' ],
15 silly audit   'react-is': [ '16.13.1' ],
15 silly audit   'read-cache': [ '1.0.0' ],
15 silly audit   readdirp: [ '3.6.0' ],
15 silly audit   'reflect.getprototypeof': [ '1.0.10' ],
15 silly audit   'regexp.prototype.flags': [ '1.5.4' ],
15 silly audit   'resolve-from': [ '4.0.0' ],
15 silly audit   'resolve-pkg-maps': [ '1.0.0' ],
15 silly audit   reusify: [ '1.1.0' ],
15 silly audit   rimraf: [ '3.0.2' ],
15 silly audit   'run-parallel': [ '1.2.0' ],
15 silly audit   'safe-array-concat': [ '1.1.3' ],
15 silly audit   'safe-push-apply': [ '1.0.0' ],
15 silly audit   'safe-regex-test': [ '1.1.0' ],
15 silly audit   scheduler: [ '0.23.2' ],
15 silly audit   'set-function-length': [ '1.2.2' ],
15 silly audit   'set-function-name': [ '2.0.2' ],
15 silly audit   'set-proto': [ '1.0.0' ],
15 silly audit   'shebang-command': [ '2.0.0' ],
15 silly audit   'shebang-regex': [ '3.0.0' ],
15 silly audit   'side-channel': [ '1.1.0' ],
15 silly audit   'side-channel-list': [ '1.0.0' ],
15 silly audit   'side-channel-map': [ '1.0.1' ],
15 silly audit   'side-channel-weakmap': [ '1.0.2' ],
15 silly audit   'signal-exit': [ '4.1.0' ],
15 silly audit   slash: [ '3.0.0' ],
15 silly audit   'source-map-js': [ '1.2.1' ],
15 silly audit   'stable-hash': [ '0.0.5' ],
15 silly audit   'stop-iteration-iterator': [ '1.1.0' ],
15 silly audit   streamsearch: [ '1.1.0' ],
15 silly audit   'string-width': [ '5.1.2', '4.2.3' ],
15 silly audit   'string.prototype.includes': [ '2.0.1' ],
15 silly audit   'string.prototype.matchall': [ '4.0.12' ],
15 silly audit   'string.prototype.repeat': [ '1.0.0' ],
15 silly audit   'string.prototype.trim': [ '1.2.10' ],
15 silly audit   'string.prototype.trimend': [ '1.0.9' ],
15 silly audit   'string.prototype.trimstart': [ '1.0.8' ],
15 silly audit   'strip-bom': [ '3.0.0' ],
15 silly audit   'strip-json-comments': [ '3.1.1' ],
15 silly audit   'styled-jsx': [ '5.1.1' ],
15 silly audit   sucrase: [ '3.35.1' ],
15 silly audit   'supports-color': [ '7.2.0' ],
15 silly audit   'supports-preserve-symlinks-flag': [ '1.0.0' ],
15 silly audit   tailwindcss: [ '3.4.19' ],
15 silly audit   'text-table': [ '0.2.0' ],
15 silly audit   thenify: [ '3.3.1' ],
15 silly audit   'thenify-all': [ '1.6.0' ],
15 silly audit   tinyglobby: [ '0.2.15' ],
15 silly audit   fdir: [ '6.5.0' ],
15 silly audit   'to-regex-range': [ '5.0.1' ],
15 silly audit   'ts-api-utils': [ '1.4.3' ],
15 silly audit   'ts-interface-checker': [ '0.1.13' ],
15 silly audit   'tsconfig-paths': [ '3.15.0' ],
15 silly audit   tslib: [ '2.8.1' ],
15 silly audit   'type-check': [ '0.4.0' ],
15 silly audit   'type-fest': [ '0.20.2' ],
15 silly audit   'typed-array-buffer': [ '1.0.3' ],
15 silly audit   'typed-array-byte-length': [ '1.0.3' ],
15 silly audit   'typed-array-byte-offset': [ '1.0.4' ],
15 silly audit   'typed-array-length': [ '1.0.7' ],
15 silly audit   typescript: [ '5.9.3' ],
15 silly audit   'unbox-primitive': [ '1.1.0' ],
15 silly audit   'undici-types': [ '6.21.0' ],
15 silly audit   'unrs-resolver': [ '1.11.1' ],
15 silly audit   'update-browserslist-db': [ '1.2.3' ],
15 silly audit   'uri-js': [ '4.4.1' ],
15 silly audit   'util-deprecate': [ '1.0.2' ],
15 silly audit   which: [ '2.0.2' ],
15 silly audit   'which-boxed-primitive': [ '1.1.1' ],
15 silly audit   'which-builtin-type': [ '1.2.1' ],
15 silly audit   'which-collection': [ '1.0.2' ],
15 silly audit   'which-typed-array': [ '1.1.20' ],
15 silly audit   'word-wrap': [ '1.2.5' ],
15 silly audit   'wrap-ansi': [ '8.1.0', '7.0.0' ],
15 silly audit   wrappy: [ '1.0.2' ],
15 silly audit   'yocto-queue': [ '0.1.0' ]
15 silly audit }
16 verbose reify failed optional dependency /Users/shinolingovender/Shico Group Website Master/Shico gpt website/node_modules/@unrs/resolver-binding-win32-x64-msvc
17 silly reify mark deleted [
17 silly reify   '/Users/shinolingovender/Shico Group Website Master/Shico gpt website/node_modules/@unrs/resolver-binding-win32-x64-msvc'
17 silly reify ]
18 verbose reify failed optional dependency /Users/shinolingovender/Shico Group Website Master/Shico gpt website/node_modules/@unrs/resolver-binding-win32-ia32-msvc
19 silly reify mark deleted [
19 silly reify   '/Users/shinolingovender/Shico Group Website Master/Shico gpt website/node_modules/@unrs/resolver-binding-win32-ia32-msvc'
19 silly reify ]
20 verbose reify failed optional dependency /Users/shinolingovender/Shico Group Website Master/Shico gpt website/node_modules/@unrs/resolver-binding-win32-arm64-msvc
21 silly reify mark deleted [
21 silly reify   '/Users/shinolingovender/Shico Group Website Master/Shico gpt website/node_modules/@unrs/resolver-binding-win32-arm64-msvc'
21 silly reify ]
22 verbose reify failed optional dependency /Users/shinolingovender/Shico Group Website Master/Shico gpt website/node_modules/@unrs/resolver-binding-wasm32-wasi
23 silly reify mark deleted [
23 silly reify   '/Users/shinolingovender/Shico Group Website Master/Shico gpt website/node_modules/@unrs/resolver-binding-wasm32-wasi'
23 silly reify ]
24 verbose reify failed optional dependency /Users/shinolingovender/Shico Group Website Master/Shico gpt website/node_modules/@napi-rs/wasm-runtime
25 silly reify mark deleted [
25 silly reify   '/Users/shinolingovender/Shico Group Website Master/Shico gpt website/node_modules/@napi-rs/wasm-runtime'
25 silly reify ]
26 verbose reify failed optional dependency /Users/shinolingovender/Shico Group Website Master/Shico gpt website/node_modules/@emnapi/core
27 silly reify mark deleted [
27 silly reify   '/Users/shinolingovender/Shico Group Website Master/Shico gpt website/node_modules/@emnapi/core'
27 silly reify ]
28 verbose reify failed optional dependency /Users/shinolingovender/Shico Group Website Master/Shico gpt website/node_modules/@emnapi/runtime
29 silly reify mark deleted [
29 silly reify   '/Users/shinolingovender/Shico Group Website Master/Shico gpt website/node_modules/@emnapi/runtime'
29 silly reify ]
30 verbose reify failed optional dependency /Users/shinolingovender/Shico Group Website Master/Shico gpt website/node_modules/@tybys/wasm-util
31 silly reify mark deleted [
31 silly reify   '/Users/shinolingovender/Shico Group Website Master/Shico gpt website/node_modules/@tybys/wasm-util'
31 silly reify ]
32 verbose reify failed optional dependency /Users/shinolingovender/Shico Group Website Master/Shico gpt website/node_modules/@emnapi/wasi-threads
33 silly reify mark deleted [
33 silly reify   '/Users/shinolingovender/Shico Group Website Master/Shico gpt website/node_modules/@emnapi/wasi-threads'
33 silly reify ]
34 verbose reify failed optional dependency /Users/shinolingovender/Shico Group Website Master/Shico gpt website/node_modules/@unrs/resolver-binding-linux-x64-musl
35 silly reify mark deleted [
35 silly reify   '/Users/shinolingovender/Shico Group Website Master/Shico gpt website/node_modules/@unrs/resolver-binding-linux-x64-musl'
35 silly reify ]
36 verbose reify failed optional dependency /Users/shinolingovender/Shico Group Website Master/Shico gpt website/node_modules/@unrs/resolver-binding-linux-x64-gnu
37 silly reify mark deleted [
37 silly reify   '/Users/shinolingovender/Shico Group Website Master/Shico gpt website/node_modules/@unrs/resolver-binding-linux-x64-gnu'
37 silly reify ]
38 verbose reify failed optional dependency /Users/shinolingovender/Shico Group Website Master/Shico gpt website/node_modules/@unrs/resolver-binding-linux-s390x-gnu
39 silly reify mark deleted [
39 silly reify   '/Users/shinolingovender/Shico Group Website Master/Shico gpt website/node_modules/@unrs/resolver-binding-linux-s390x-gnu'
39 silly reify ]
40 verbose reify failed optional dependency /Users/shinolingovender/Shico Group Website Master/Shico gpt website/node_modules/@unrs/resolver-binding-linux-riscv64-musl
41 silly reify mark deleted [
41 silly reify   '/Users/shinolingovender/Shico Group Website Master/Shico gpt website/node_modules/@unrs/resolver-binding-linux-riscv64-musl'
41 silly reify ]
42 verbose reify failed optional dependency /Users/shinolingovender/Shico Group Website Master/Shico gpt website/node_modules/@unrs/resolver-binding-linux-riscv64-gnu
43 silly reify mark deleted [
43 silly reify   '/Users/shinolingovender/Shico Group Website Master/Shico gpt website/node_modules/@unrs/resolver-binding-linux-riscv64-gnu'
43 silly reify ]
44 verbose reify failed optional dependency /Users/shinolingovender/Shico Group Website Master/Shico gpt website/node_modules/@unrs/resolver-binding-linux-ppc64-gnu
45 silly reify mark deleted [
45 silly reify   '/Users/shinolingovender/Shico Group Website Master/Shico gpt website/node_modules/@unrs/resolver-binding-linux-ppc64-gnu'
45 silly reify ]
46 verbose reify failed optional dependency /Users/shinolingovender/Shico Group Website Master/Shico gpt website/node_modules/@unrs/resolver-binding-linux-arm64-musl
47 silly reify mark deleted [
47 silly reify   '/Users/shinolingovender/Shico Group Website Master/Shico gpt website/node_modules/@unrs/resolver-binding-linux-arm64-musl'
47 silly reify ]
48 verbose reify failed optional dependency /Users/shinolingovender/Shico Group Website Master/Shico gpt website/node_modules/@unrs/resolver-binding-linux-arm64-gnu
49 silly reify mark deleted [
49 silly reify   '/Users/shinolingovender/Shico Group Website Master/Shico gpt website/node_modules/@unrs/resolver-binding-linux-arm64-gnu'
49 silly reify ]
50 verbose reify failed optional dependency /Users/shinolingovender/Shico Group Website Master/Shico gpt website/node_modules/@unrs/resolver-binding-linux-arm-musleabihf
51 silly reify mark deleted [
51 silly reify   '/Users/shinolingovender/Shico Group Website Master/Shico gpt website/node_modules/@unrs/resolver-binding-linux-arm-musleabihf'
51 silly reify ]
52 verbose reify failed optional dependency /Users/shinolingovender/Shico Group Website Master/Shico gpt website/node_modules/@unrs/resolver-binding-linux-arm-gnueabihf
53 silly reify mark deleted [
53 silly reify   '/Users/shinolingovender/Shico Group Website Master/Shico gpt website/node_modules/@unrs/resolver-binding-linux-arm-gnueabihf'
53 silly reify ]
54 verbose reify failed optional dependency /Users/shinolingovender/Shico Group Website Master/Shico gpt website/node_modules/@unrs/resolver-binding-freebsd-x64
55 silly reify mark deleted [
55 silly reify   '/Users/shinolingovender/Shico Group Website Master/Shico gpt website/node_modules/@unrs/resolver-binding-freebsd-x64'
55 silly reify ]
56 verbose reify failed optional dependency /Users/shinolingovender/Shico Group Website Master/Shico gpt website/node_modules/@unrs/resolver-binding-darwin-x64
57 silly reify mark deleted [
57 silly reify   '/Users/shinolingovender/Shico Group Website Master/Shico gpt website/node_modules/@unrs/resolver-binding-darwin-x64'
57 silly reify ]
58 verbose reify failed optional dependency /Users/shinolingovender/Shico Group Website Master/Shico gpt website/node_modules/@unrs/resolver-binding-android-arm64
59 silly reify mark deleted [
59 silly reify   '/Users/shinolingovender/Shico Group Website Master/Shico gpt website/node_modules/@unrs/resolver-binding-android-arm64'
59 silly reify ]
60 verbose reify failed optional dependency /Users/shinolingovender/Shico Group Website Master/Shico gpt website/node_modules/@unrs/resolver-binding-android-arm-eabi
61 silly reify mark deleted [
61 silly reify   '/Users/shinolingovender/Shico Group Website Master/Shico gpt website/node_modules/@unrs/resolver-binding-android-arm-eabi'
61 silly reify ]
62 verbose reify failed optional dependency /Users/shinolingovender/Shico Group Website Master/Shico gpt website/node_modules/@next/swc-win32-x64-msvc
63 silly reify mark deleted [
63 silly reify   '/Users/shinolingovender/Shico Group Website Master/Shico gpt website/node_modules/@next/swc-win32-x64-msvc'
63 silly reify ]
64 verbose reify failed optional dependency /Users/shinolingovender/Shico Group Website Master/Shico gpt website/node_modules/@next/swc-win32-ia32-msvc
65 silly reify mark deleted [
65 silly reify   '/Users/shinolingovender/Shico Group Website Master/Shico gpt website/node_modules/@next/swc-win32-ia32-msvc'
65 silly reify ]
66 verbose reify failed optional dependency /Users/shinolingovender/Shico Group Website Master/Shico gpt website/node_modules/@next/swc-win32-arm64-msvc
67 silly reify mark deleted [
67 silly reify   '/Users/shinolingovender/Shico Group Website Master/Shico gpt website/node_modules/@next/swc-win32-arm64-msvc'
67 silly reify ]
68 verbose reify failed optional dependency /Users/shinolingovender/Shico Group Website Master/Shico gpt website/node_modules/@next/swc-linux-x64-musl
69 silly reify mark deleted [
69 silly reify   '/Users/shinolingovender/Shico Group Website Master/Shico gpt website/node_modules/@next/swc-linux-x64-musl'
69 silly reify ]
70 verbose reify failed optional dependency /Users/shinolingovender/Shico Group Website Master/Shico gpt website/node_modules/@next/swc-linux-x64-gnu
71 silly reify mark deleted [
71 silly reify   '/Users/shinolingovender/Shico Group Website Master/Shico gpt website/node_modules/@next/swc-linux-x64-gnu'
71 silly reify ]
72 verbose reify failed optional dependency /Users/shinolingovender/Shico Group Website Master/Shico gpt website/node_modules/@next/swc-linux-arm64-musl
73 silly reify mark deleted [
73 silly reify   '/Users/shinolingovender/Shico Group Website Master/Shico gpt website/node_modules/@next/swc-linux-arm64-musl'
73 silly reify ]
74 verbose reify failed optional dependency /Users/shinolingovender/Shico Group Website Master/Shico gpt website/node_modules/@next/swc-linux-arm64-gnu
75 silly reify mark deleted [
75 silly reify   '/Users/shinolingovender/Shico Group Website Master/Shico gpt website/node_modules/@next/swc-linux-arm64-gnu'
75 silly reify ]
76 verbose reify failed optional dependency /Users/shinolingovender/Shico Group Website Master/Shico gpt website/node_modules/@next/swc-darwin-x64
77 silly reify mark deleted [
77 silly reify   '/Users/shinolingovender/Shico Group Website Master/Shico gpt website/node_modules/@next/swc-darwin-x64'
77 silly reify ]
78 http cache @tybys/wasm-util@https://registry.npmjs.org/@tybys/wasm-util/-/wasm-util-0.10.1.tgz 0ms (cache hit)
79 http cache @napi-rs/wasm-runtime@https://registry.npmjs.org/@napi-rs/wasm-runtime/-/wasm-runtime-0.2.12.tgz 0ms (cache hit)
80 http cache @emnapi/runtime@https://registry.npmjs.org/@emnapi/runtime/-/runtime-1.8.1.tgz 0ms (cache hit)
81 http cache @emnapi/core@https://registry.npmjs.org/@emnapi/core/-/core-1.8.1.tgz 0ms (cache hit)
82 http cache @emnapi/wasi-threads@https://registry.npmjs.org/@emnapi/wasi-threads/-/wasi-threads-1.1.0.tgz 0ms (cache hit)
83 http fetch POST 200 https://registry.npmjs.org/-/npm/v1/security/advisories/bulk 585ms
84 silly audit report {
84 silly audit report   glob: [
84 silly audit report     {
84 silly audit report       id: 1109842,
84 silly audit report       url: 'https://github.com/advisories/GHSA-5j98-mcp5-4vw2',
84 silly audit report       title: 'glob CLI: Command injection via -c/--cmd executes matches with shell:true',
84 silly audit report       severity: 'high',
84 silly audit report       vulnerable_versions: '>=10.2.0 <10.5.0',
84 silly audit report       cwe: [Array],
84 silly audit report       cvss: [Object]
84 silly audit report     }
84 silly audit report   ],
84 silly audit report   next: [
84 silly audit report     {
84 silly audit report       id: 1099638,
84 silly audit report       url: 'https://github.com/advisories/GHSA-gp8f-8m3g-qvj9',
84 silly audit report       title: 'Next.js Cache Poisoning',
84 silly audit report       severity: 'high',
84 silly audit report       vulnerable_versions: '>=14.0.0 <14.2.10',
84 silly audit report       cwe: [Array],
84 silly audit report       cvss: [Object]
84 silly audit report     },
84 silly audit report     {
84 silly audit report       id: 1100421,
84 silly audit report       url: 'https://github.com/advisories/GHSA-g77x-44xx-532m',
84 silly audit report       title: 'Denial of Service condition in Next.js image optimization',
84 silly audit report       severity: 'moderate',
84 silly audit report       vulnerable_versions: '>=10.0.0 <14.2.7',
84 silly audit report       cwe: [Array],
84 silly audit report       cvss: [Object]
84 silly audit report     },
84 silly audit report     {
84 silly audit report       id: 1101438,
84 silly audit report       url: 'https://github.com/advisories/GHSA-7m27-7ghc-44w9',
84 silly audit report       title: 'Next.js Allows a Denial of Service (DoS) with Server Actions',
84 silly audit report       severity: 'moderate',
84 silly audit report       vulnerable_versions: '>=14.0.0 <14.2.21',
84 silly audit report       cwe: [Array],
84 silly audit report       cvss: [Object]
84 silly audit report     },
84 silly audit report     {
84 silly audit report       id: 1105461,
84 silly audit report       url: 'https://github.com/advisories/GHSA-3h52-269p-cp9r',
84 silly audit report       title: 'Information exposure in Next.js dev server due to lack of origin verification',
84 silly audit report       severity: 'low',
84 silly audit report       vulnerable_versions: '>=13.0 <14.2.30',
84 silly audit report       cwe: [Array],
84 silly audit report       cvss: [Object]
84 silly audit report     },
84 silly audit report     {
84 silly audit report       id: 1111391,
84 silly audit report       url: 'https://github.com/advisories/GHSA-mwv6-3258-q52c',
84 silly audit report       title: 'Next Vulnerable to Denial of Service with Server Components',
84 silly audit report       severity: 'high',
84 silly audit report       vulnerable_versions: '>=13.3.0 <14.2.34',
84 silly audit report       cwe: [Array],
84 silly audit report       cvss: [Object]
84 silly audit report     },
84 silly audit report     {
84 silly audit report       id: 1107226,
84 silly audit report       url: 'https://github.com/advisories/GHSA-g5qg-72qw-gw5v',
84 silly audit report       title: 'Next.js Affected by Cache Key Confusion for Image Optimization API Routes',
84 silly audit report       severity: 'moderate',
84 silly audit report       vulnerable_versions: '>=0.9.9 <14.2.31',
84 silly audit report       cwe: [Array],
84 silly audit report       cvss: [Object]
84 silly audit report     },
84 silly audit report     {
84 silly audit report       id: 1107420,
84 silly audit report       url: 'https://github.com/advisories/GHSA-7gfc-8cq8-jh5f',
84 silly audit report       title: 'Next.js authorization bypass vulnerability',
84 silly audit report       severity: 'high',
84 silly audit report       vulnerable_versions: '>=9.5.5 <14.2.15',
84 silly audit report       cwe: [Array],
84 silly audit report       cvss: [Object]
84 silly audit report     },
84 silly audit report     {
84 silly audit report       id: 1107512,
84 silly audit report       url: 'https://github.com/advisories/GHSA-4342-x723-ch2f',
84 silly audit report       title: 'Next.js Improper Middleware Redirect Handling Leads to SSRF',
84 silly audit report       severity: 'moderate',
84 silly audit report       vulnerable_versions: '>=0.9.9 <14.2.32',
84 silly audit report       cwe: [Array],
84 silly audit report       cvss: [Object]
84 silly audit report     },
84 silly audit report     {
84 silly audit report       id: 1107513,
84 silly audit report       url: 'https://github.com/advisories/GHSA-xv57-4mr9-wg8v',
84 silly audit report       title: 'Next.js Content Injection Vulnerability for Image Optimization',
84 silly audit report       severity: 'moderate',
84 silly audit report       vulnerable_versions: '>=0.9.9 <14.2.31',
84 silly audit report       cwe: [Array],
84 silly audit report       cvss: [Object]
84 silly audit report     },
84 silly audit report     {
84 silly audit report       id: 1112182,
84 silly audit report       url: 'https://github.com/advisories/GHSA-5j59-xgg2-r9c4',
84 silly audit report       title: 'Next has a Denial of Service with Server Components - Incomplete Fix Follow-Up',
84 silly audit report       severity: 'high',
84 silly audit report       vulnerable_versions: '>=13.3.1-canary.0 <14.2.35',
84 silly audit report       cwe: [Array],
84 silly audit report       cvss: [Object]
84 silly audit report     },
84 silly audit report     {
84 silly audit report       id: 1108291,
84 silly audit report       url: 'https://github.com/advisories/GHSA-qpjv-v59x-3qc4',
84 silly audit report       title: 'Next.js Race Condition to Cache Poisoning',
84 silly audit report       severity: 'low',
84 silly audit report       vulnerable_versions: '>=0.9.9 <14.2.24',
84 silly audit report       cwe: [Array],
84 silly audit report       cvss: [Object]
84 silly audit report     },
84 silly audit report     {
84 silly audit report       id: 1108953,
84 silly audit report       url: 'https://github.com/advisories/GHSA-f82v-jwr5-mffw',
84 silly audit report       title: 'Authorization Bypass in Next.js Middleware',
84 silly audit report       severity: 'critical',
84 silly audit report       vulnerable_versions: '>=14.0.0 <14.2.25',
84 silly audit report       cwe: [Array],
84 silly audit report       cvss: [Object]
84 silly audit report     },
84 silly audit report     {
84 silly audit report       id: 1112593,
84 silly audit report       url: 'https://github.com/advisories/GHSA-9g9p-9gw9-jx7f',
84 silly audit report       title: 'Next.js self-hosted applications vulnerable to DoS via Image Optimizer remotePatterns configuration',
84 silly audit report       severity: 'moderate',
84 silly audit report       vulnerable_versions: '>=10.0.0 <15.5.10',
84 silly audit report       cwe: [Array],
84 silly audit report       cvss: [Object]
84 silly audit report     },
84 silly audit report     {
84 silly audit report       id: 1112653,
84 silly audit report       url: 'https://github.com/advisories/GHSA-h25m-26qc-wcjf',
84 silly audit report       title: 'Next.js HTTP request deserialization can lead to DoS when using insecure React Server Components',
84 silly audit report       severity: 'high',
84 silly audit report       vulnerable_versions: '>=13.0.0 <15.0.8',
84 silly audit report       cwe: [Array],
84 silly audit report       cvss: [Object]
84 silly audit report     }
84 silly audit report   ]
84 silly audit report }
85 silly packumentCache corgi:https://registry.npmjs.org/glob cache-miss
86 silly packumentCache corgi:https://registry.npmjs.org/next cache-miss
87 http cache https://registry.npmjs.org/glob 24ms (cache hit)
88 silly packumentCache corgi:https://registry.npmjs.org/glob set size:194897 disposed:false
89 http cache https://registry.npmjs.org/next 83ms (cache hit)
90 silly packumentCache corgi:https://registry.npmjs.org/next set size:23732615 disposed:false
91 silly packumentCache corgi:https://registry.npmjs.org/@next%2feslint-plugin-next cache-miss
92 http cache https://registry.npmjs.org/@next%2feslint-plugin-next 11ms (cache hit)
93 silly packumentCache corgi:https://registry.npmjs.org/@next%2feslint-plugin-next set size:3087129 disposed:false
94 silly packumentCache corgi:https://registry.npmjs.org/eslint-config-next cache-miss
95 http cache https://registry.npmjs.org/eslint-config-next 7ms (cache hit)
96 silly packumentCache corgi:https://registry.npmjs.org/eslint-config-next set size:3677866 disposed:false
97 silly ADD
98 silly ADD
99 silly ADD
100 silly ADD
101 silly ADD
102 silly ADD
103 silly ADD
104 silly ADD
105 silly ADD
106 silly ADD
107 silly ADD
108 silly ADD
109 silly ADD
110 silly ADD
111 silly ADD
112 silly ADD
113 silly ADD
114 silly ADD
115 silly ADD
116 silly ADD
117 silly ADD
118 silly ADD
119 silly ADD
120 silly ADD
121 silly ADD
122 silly ADD
123 silly ADD
124 silly ADD
125 silly ADD
126 silly ADD
127 silly ADD
128 verbose cwd /Users/shinolingovender/Shico Group Website Master/Shico gpt website
129 verbose os Darwin 24.6.0
130 verbose node v22.15.1
131 verbose npm  v10.9.2
132 verbose exit 0
133 info ok
